<?xml version="1.0" encoding="UTF-8"?>
<testsuite xmlns:xsi="http://www.w3.org/2001/XMLSchema-instance" xsi:noNamespaceSchemaLocation="https://maven.apache.org/surefire/maven-surefire-plugin/xsd/surefire-test-report-3.0.xsd" version="3.0" name="cucumberOptions.TestRunner" time="2.723" tests="16" errors="0" skipped="0" failures="0">
  <properties>
[...]
</properties>
  <testcase name="I want to write a step with precondition" classname="Title of your scenario #2" time="0.004">
    <system-out><![CDATA[
@Smoke
Scenario: Title of your scenario                              # src/test/java/features/Login.feature:17
Before validation
I want to write a step with precondition
]]></system-out>
  </testcase>
  <testcase name="some other precondition" classname="Title of your scenario #2" time="0.002">
    <system-out><![CDATA[  Given I want to write a step with precondition              # stepDefinitions.StepDefinition.I_want_to_write_a_step_with_precondition()
some other precondition
]]></system-out>
  </testcase>
  <testcase name="I complete action with username &quot;sana&quot; password &quot;3241&quot;" classname="Title of your scenario #2" time="0.004">
    <system-out><![CDATA[  And some other precondition                                 # stepDefinitions.StepDefinition.some_other_precondition()
logged in using sana 3241
]]></system-out>
  </testcase>
  <testcase name="some other action" classname="Title of your scenario #2" time="0.009">
    <system-out><![CDATA[  When I complete action with username "sana" password "3241" # stepDefinitions.StepDefinition.i_complete_action_with_username_something_and_password_something(java.lang.String,java.lang.String)
some other action
]]></system-out>
  </testcase>
  <testcase name="yet another action" classname="Title of your scenario #2" time="0.003">
    <system-out><![CDATA[  And some other action                                       # stepDefinitions.StepDefinition.some_other_action()
yet another action
]]></system-out>
  </testcase>
  <testcase name="I validate the outcomes" classname="Title of your scenario #2" time="0.001">
    <system-out><![CDATA[  And yet another action                                      # stepDefinitions.StepDefinition.yet_another_action()
I validate the outcomes
]]></system-out>
  </testcase>
  <testcase name="validation is &quot;not successfull&quot;" classname="Title of your scenario #2" time="0.001">
    <system-out><![CDATA[  Then I validate the outcomes                                # stepDefinitions.StepDefinition.I_validate_the_outcomes()
validation is not successfull
]]></system-out>
  </testcase>
  <testcase name="" classname="Title of your scenario #2" time="0.013">
    <system-out><![CDATA[  And validation is "not successfull"                         # stepDefinitions.StepDefinition.validation_is_something(java.lang.String)
After validation
]]></system-out>
  </testcase>
  <testcase name="I want to write a step with precondition" classname="Title of your scenario #3" time="0.002">
    <system-out><![CDATA[
@Smoke
Scenario: Title of your scenario                           # src/test/java/features/Login.feature:27
Before validation
I want to write a step with precondition
]]></system-out>
  </testcase>
  <testcase name="some other precondition" classname="Title of your scenario #3" time="0.002">
    <system-out><![CDATA[  Given I want to write a step with precondition           # stepDefinitions.StepDefinition.I_want_to_write_a_step_with_precondition()
some other precondition
]]></system-out>
  </testcase>
  <testcase name="I complete action of sign up with following details" classname="Title of your scenario #3" time="0.02">
    <system-out><![CDATA[  And some other precondition                              # stepDefinitions.StepDefinition.some_other_precondition()
username = suhail
password = 1234
email = abc@abc.com
country = india
phone No = 819728
]]></system-out>
  </testcase>
  <testcase name="some other action" classname="Title of your scenario #3" time="0.003">
    <system-out><![CDATA[  When I complete action of sign up with following details # stepDefinitions.StepDefinition.i_complete_action_of_sign_up_with_following_details(io.cucumber.datatable.DataTable)
    | suhail | 1234 | abc@abc.com | india | 819728 |
some other action
]]></system-out>
  </testcase>
  <testcase name="yet another action" classname="Title of your scenario #3" time="0.009">
    <system-out><![CDATA[  And some other action                                    # stepDefinitions.StepDefinition.some_other_action()
yet another action
]]></system-out>
  </testcase>
  <testcase name="I validate the outcomes" classname="Title of your scenario #3" time="0.006">
    <system-out><![CDATA[  And yet another action                                   # stepDefinitions.StepDefinition.yet_another_action()
I validate the outcomes
]]></system-out>
  </testcase>
  <testcase name="validation is &quot;successfull&quot;" classname="Title of your scenario #3" time="0.009">
    <system-out><![CDATA[  Then I validate the outcomes                             # stepDefinitions.StepDefinition.I_validate_the_outcomes()
validation is successfull
]]></system-out>
  </testcase>
  <testcase name="" classname="Title of your scenario #3" time="0.018">
    <system-out><![CDATA[  And validation is "successfull"                          # stepDefinitions.StepDefinition.validation_is_something(java.lang.String)
After validation
]]></system-out>
  </testcase>
</testsuite>