<?xml version="1.0" encoding="UTF-8"?>
<testsuite xmlns:xsi="http://www.w3.org/2001/XMLSchema-instance" xsi:noNamespaceSchemaLocation="https://maven.apache.org/surefire/maven-surefire-plugin/xsd/surefire-test-report-3.0.xsd" version="3.0" name="cucumberOptions.TestRunner" time="18.01" tests="93" errors="0" skipped="0" failures="0">
  <properties>
[...]
</properties>
  <testcase name="I want to write a step with precondition" classname="Title of your scenario #1" time="0.005">
    <system-out><![CDATA[
@RegTest
Scenario: Title of your scenario                                # src/test/java/features/Login.feature:7
I want to write a step with precondition
]]></system-out>
  </testcase>
  <testcase name="I want to write a step with precondition" classname="Title of your scenario #1" time="0.009">
    <system-out><![CDATA[
@RegTest
Scenario Outline: Title of your scenario                        # src/test/java/features/SignUp.feature:15
I want to write a step with precondition
]]></system-out>
  </testcase>
  <testcase name="I want to write a step with precondition" classname="Title of your scenario #1" time="0.007">
    <system-out><![CDATA[  Then check if browser is started                              # stepDefinitions.StepDefinition.check_if_browser_is_started()
I want to write a step with precondition
]]></system-out>
  </testcase>
  <testcase name="some other precondition" classname="Title of your scenario #1" time="0.013">
    <system-out><![CDATA[  Given I want to write a step with precondition                # stepDefinitions.StepDefinition.I_want_to_write_a_step_with_precondition()
some other precondition
]]></system-out>
  </testcase>
  <testcase name="some other precondition" classname="Title of your scenario #1" time="0.002">
    <system-out><![CDATA[  Given I want to write a step with precondition                # stepDefinitions.StepDefinition.I_want_to_write_a_step_with_precondition()
some other precondition
]]></system-out>
  </testcase>
  <testcase name="some other precondition" classname="Title of your scenario #1" time="0.008">
    <system-out><![CDATA[  Given I want to write a step with precondition                # stepDefinitions.StepDefinition.I_want_to_write_a_step_with_precondition()
some other precondition
]]></system-out>
  </testcase>
  <testcase name="I complete action with username &quot;suhail&quot; password &quot;1234&quot;" classname="Title of your scenario #1" time="0.005">
    <system-out><![CDATA[  And some other precondition                                   # stepDefinitions.StepDefinition.some_other_precondition()
logged in using suhail 1234
]]></system-out>
  </testcase>
  <testcase name="some other action" classname="Title of your scenario #1" time="0.011">
    <system-out><![CDATA[  When I complete action with username "suhail" password "1234" # stepDefinitions.StepDefinition.i_complete_action_with_username_something_and_password_something(java.lang.String,java.lang.String)
some other action
]]></system-out>
  </testcase>
  <testcase name="some other action" classname="Title of your scenario #1" time="0.004">
    <system-out><![CDATA[  When I complete action with username suhail and password 1234 # stepDefinitions.StepDefinition.i_complete_action_with_username_and_password(java.lang.String,java.lang.String)
some other action
]]></system-out>
  </testcase>
  <testcase name="some other action" classname="Title of your scenario #1" time="0.004">
    <system-out><![CDATA[  When I complete action with username suhail and password 1234 # stepDefinitions.StepDefinition.i_complete_action_with_username_and_password(java.lang.String,java.lang.String)
some other action
]]></system-out>
  </testcase>
  <testcase name="yet another action" classname="Title of your scenario #1" time="0.007">
    <system-out><![CDATA[  And some other action                                         # stepDefinitions.StepDefinition.some_other_action()
yet another action
]]></system-out>
  </testcase>
  <testcase name="yet another action" classname="Title of your scenario #1" time="0.004">
    <system-out><![CDATA[  And some other action                                         # stepDefinitions.StepDefinition.some_other_action()
yet another action
]]></system-out>
  </testcase>
  <testcase name="yet another action" classname="Title of your scenario #1" time="0.015">
    <system-out><![CDATA[  And some other action                                         # stepDefinitions.StepDefinition.some_other_action()
yet another action
]]></system-out>
  </testcase>
  <testcase name="I validate the outcomes" classname="Title of your scenario #1" time="0.008">
    <system-out><![CDATA[  And yet another action                                        # stepDefinitions.StepDefinition.yet_another_action()
I validate the outcomes
]]></system-out>
  </testcase>
  <testcase name="I validate the outcomes" classname="Title of your scenario #1" time="0.002">
    <system-out><![CDATA[  And yet another action                                        # stepDefinitions.StepDefinition.yet_another_action()
I validate the outcomes
]]></system-out>
  </testcase>
  <testcase name="I validate the outcomes" classname="Title of your scenario #1" time="0.004">
    <system-out><![CDATA[  And yet another action                                        # stepDefinitions.StepDefinition.yet_another_action()
I validate the outcomes
]]></system-out>
  </testcase>
  <testcase name="validation is &quot;successfull&quot;" classname="Title of your scenario #1" time="0.001">
    <system-out><![CDATA[  Then I validate the outcomes                                  # stepDefinitions.StepDefinition.I_validate_the_outcomes()
validation is successfull
]]></system-out>
  </testcase>
  <testcase name="validation is &quot;successfull&quot;" classname="Title of your scenario #1" time="0.006">
    <system-out><![CDATA[  Then I validate the outcomes                                  # stepDefinitions.StepDefinition.I_validate_the_outcomes()
validation is successfull
]]></system-out>
  </testcase>
  <testcase name="validation is &quot;successfull&quot;" classname="Title of your scenario #1" time="0.001">
    <system-out><![CDATA[  Then I validate the outcomes                                  # stepDefinitions.StepDefinition.I_validate_the_outcomes()
validation is successfull
]]></system-out>
  </testcase>
  <testcase name="" classname="Title of your scenario #1" time="0.021">
    <system-out><![CDATA[  And validation is "successfull"                               # stepDefinitions.StepDefinition.validation_is_something(java.lang.String)
]]></system-out>
  </testcase>
  <testcase name="" classname="Title of your scenario #1" time="0.01">
    <system-out><![CDATA[  And validation is "successfull"                               # stepDefinitions.StepDefinition.validation_is_something(java.lang.String)
]]></system-out>
  </testcase>
  <testcase name="" classname="Title of your scenario #1" time="0.015">
    <system-out><![CDATA[  And validation is "successfull"                               # stepDefinitions.StepDefinition.validation_is_something(java.lang.String)
]]></system-out>
  </testcase>
  <testcase name="I complete action with username suhail and password 1234" classname="Title of your scenario #1" time="0.003">
    <system-out><![CDATA[  And some other precondition                                   # stepDefinitions.StepDefinition.some_other_precondition()
suhail
1234
]]></system-out>
  </testcase>
  <testcase name="I complete action with username suhail and password 1234" classname="Title of your scenario #1" time="0.011">
    <system-out><![CDATA[  And some other precondition                                   # stepDefinitions.StepDefinition.some_other_precondition()
suhail
1234
]]></system-out>
  </testcase>
  <testcase name="validate the browser" classname="Title of your scenario #1" time="0.002">
    <system-out><![CDATA[
@Portal
Scenario Outline: Title of your scenario                        # src/test/java/features/portal.feature:20
validate the browser
]]></system-out>
  </testcase>
  <testcase name="browser is triggered" classname="Title of your scenario #1" time="0.002">
    <system-out><![CDATA[  Given validate the browser                                    # stepDefinitions.StepDefinition.validate_the_browser()
browser is triggered
]]></system-out>
  </testcase>
  <testcase name="check if browser is started" classname="Title of your scenario #1" time="0.014">
    <system-out><![CDATA[  When browser is triggered                                     # stepDefinitions.StepDefinition.browser_is_triggered()
check if browser is started
]]></system-out>
  </testcase>
  <testcase name="I want to write a step with precondition" classname="Title of your scenario #2" time="0.006">
    <system-out><![CDATA[
@Smoke
Scenario: Title of your scenario                              # src/test/java/features/Login.feature:17
Before validation
I want to write a step with precondition
]]></system-out>
  </testcase>
  <testcase name="I want to write a step with precondition" classname="Title of your scenario #2" time="0.007">
    <system-out><![CDATA[
@RegTest
Scenario Outline: Title of your scenario                      # src/test/java/features/SignUp.feature:16
I want to write a step with precondition
]]></system-out>
  </testcase>
  <testcase name="I want to write a step with precondition" classname="Title of your scenario #2" time="0.011">
    <system-out><![CDATA[  Then check if browser is started                            # stepDefinitions.StepDefinition.check_if_browser_is_started()
I want to write a step with precondition
]]></system-out>
  </testcase>
  <testcase name="some other precondition" classname="Title of your scenario #2" time="0.005">
    <system-out><![CDATA[  Given I want to write a step with precondition              # stepDefinitions.StepDefinition.I_want_to_write_a_step_with_precondition()
some other precondition
]]></system-out>
  </testcase>
  <testcase name="some other precondition" classname="Title of your scenario #2" time="0.007">
    <system-out><![CDATA[  Given I want to write a step with precondition              # stepDefinitions.StepDefinition.I_want_to_write_a_step_with_precondition()
some other precondition
]]></system-out>
  </testcase>
  <testcase name="some other precondition" classname="Title of your scenario #2" time="0.012">
    <system-out><![CDATA[  Given I want to write a step with precondition              # stepDefinitions.StepDefinition.I_want_to_write_a_step_with_precondition()
some other precondition
]]></system-out>
  </testcase>
  <testcase name="I complete action with username &quot;sana&quot; password &quot;3241&quot;" classname="Title of your scenario #2" time="0.009">
    <system-out><![CDATA[  And some other precondition                                 # stepDefinitions.StepDefinition.some_other_precondition()
logged in using sana 3241
]]></system-out>
  </testcase>
  <testcase name="some other action" classname="Title of your scenario #2" time="0.006">
    <system-out><![CDATA[  When I complete action with username "sana" password "3241" # stepDefinitions.StepDefinition.i_complete_action_with_username_something_and_password_something(java.lang.String,java.lang.String)
some other action
]]></system-out>
  </testcase>
  <testcase name="some other action" classname="Title of your scenario #2" time="0.005">
    <system-out><![CDATA[  When I complete action with username sana and password 2134 # stepDefinitions.StepDefinition.i_complete_action_with_username_and_password(java.lang.String,java.lang.String)
some other action
]]></system-out>
  </testcase>
  <testcase name="some other action" classname="Title of your scenario #2" time="0.008">
    <system-out><![CDATA[  When I complete action with username sana and password 2134 # stepDefinitions.StepDefinition.i_complete_action_with_username_and_password(java.lang.String,java.lang.String)
some other action
]]></system-out>
  </testcase>
  <testcase name="yet another action" classname="Title of your scenario #2" time="0.012">
    <system-out><![CDATA[  And some other action                                       # stepDefinitions.StepDefinition.some_other_action()
yet another action
]]></system-out>
  </testcase>
  <testcase name="yet another action" classname="Title of your scenario #2" time="0.001">
    <system-out><![CDATA[  And some other action                                       # stepDefinitions.StepDefinition.some_other_action()
yet another action
]]></system-out>
  </testcase>
  <testcase name="yet another action" classname="Title of your scenario #2" time="0.014">
    <system-out><![CDATA[  And some other action                                       # stepDefinitions.StepDefinition.some_other_action()
yet another action
]]></system-out>
  </testcase>
  <testcase name="I validate the outcomes" classname="Title of your scenario #2" time="0.008">
    <system-out><![CDATA[  And yet another action                                      # stepDefinitions.StepDefinition.yet_another_action()
I validate the outcomes
]]></system-out>
  </testcase>
  <testcase name="I validate the outcomes" classname="Title of your scenario #2" time="0.001">
    <system-out><![CDATA[  And yet another action                                      # stepDefinitions.StepDefinition.yet_another_action()
I validate the outcomes
]]></system-out>
  </testcase>
  <testcase name="I validate the outcomes" classname="Title of your scenario #2" time="0.014">
    <system-out><![CDATA[  And yet another action                                      # stepDefinitions.StepDefinition.yet_another_action()
I validate the outcomes
]]></system-out>
  </testcase>
  <testcase name="validation is &quot;not successfull&quot;" classname="Title of your scenario #2" time="0.001">
    <system-out><![CDATA[  Then I validate the outcomes                                # stepDefinitions.StepDefinition.I_validate_the_outcomes()
validation is not successfull
]]></system-out>
  </testcase>
  <testcase name="" classname="Title of your scenario #2" time="0.019">
    <system-out><![CDATA[  And validation is "not successfull"                         # stepDefinitions.StepDefinition.validation_is_something(java.lang.String)
After validation
]]></system-out>
  </testcase>
  <testcase name="" classname="Title of your scenario #2" time="0.006">
    <system-out><![CDATA[  And validation is "successfull"                             # stepDefinitions.StepDefinition.validation_is_something(java.lang.String)
]]></system-out>
  </testcase>
  <testcase name="" classname="Title of your scenario #2" time="0.011">
    <system-out><![CDATA[  And validation is "successfull"                             # stepDefinitions.StepDefinition.validation_is_something(java.lang.String)
]]></system-out>
  </testcase>
  <testcase name="I complete action with username sana and password 2134" classname="Title of your scenario #2" time="0.008">
    <system-out><![CDATA[  And some other precondition                                 # stepDefinitions.StepDefinition.some_other_precondition()
sana
2134
]]></system-out>
  </testcase>
  <testcase name="I complete action with username sana and password 2134" classname="Title of your scenario #2" time="0.006">
    <system-out><![CDATA[  And some other precondition                                 # stepDefinitions.StepDefinition.some_other_precondition()
sana
2134
]]></system-out>
  </testcase>
  <testcase name="validation is &quot;successfull&quot;" classname="Title of your scenario #2" time="0.005">
    <system-out><![CDATA[  Then I validate the outcomes                                # stepDefinitions.StepDefinition.I_validate_the_outcomes()
validation is successfull
]]></system-out>
  </testcase>
  <testcase name="validation is &quot;successfull&quot;" classname="Title of your scenario #2" time="0.005">
    <system-out><![CDATA[  Then I validate the outcomes                                # stepDefinitions.StepDefinition.I_validate_the_outcomes()
validation is successfull
]]></system-out>
  </testcase>
  <testcase name="validate the browser" classname="Title of your scenario #2" time="0.006">
    <system-out><![CDATA[
@Portal
Scenario Outline: Title of your scenario                      # src/test/java/features/portal.feature:21
validate the browser
]]></system-out>
  </testcase>
  <testcase name="browser is triggered" classname="Title of your scenario #2" time="0.007">
    <system-out><![CDATA[  Given validate the browser                                  # stepDefinitions.StepDefinition.validate_the_browser()
browser is triggered
]]></system-out>
  </testcase>
  <testcase name="check if browser is started" classname="Title of your scenario #2" time="0.005">
    <system-out><![CDATA[  When browser is triggered                                   # stepDefinitions.StepDefinition.browser_is_triggered()
check if browser is started
]]></system-out>
  </testcase>
  <testcase name="I want to write a step with precondition" classname="Title of your scenario #3" time="0.006">
    <system-out><![CDATA[
@Smoke
Scenario: Title of your scenario                           # src/test/java/features/Login.feature:27
Before validation
I want to write a step with precondition
]]></system-out>
  </testcase>
  <testcase name="I want to write a step with precondition" classname="Title of your scenario #3" time="0.005">
    <system-out><![CDATA[
@RegTest
Scenario Outline: Title of your scenario                       # src/test/java/features/SignUp.feature:17
I want to write a step with precondition
]]></system-out>
  </testcase>
  <testcase name="I want to write a step with precondition" classname="Title of your scenario #3" time="0.005">
    <system-out><![CDATA[  Then check if browser is started                             # stepDefinitions.StepDefinition.check_if_browser_is_started()
I want to write a step with precondition
]]></system-out>
  </testcase>
  <testcase name="some other precondition" classname="Title of your scenario #3" time="0.012">
    <system-out><![CDATA[  Given I want to write a step with precondition           # stepDefinitions.StepDefinition.I_want_to_write_a_step_with_precondition()
some other precondition
]]></system-out>
  </testcase>
  <testcase name="some other precondition" classname="Title of your scenario #3" time="0.012">
    <system-out><![CDATA[  Given I want to write a step with precondition               # stepDefinitions.StepDefinition.I_want_to_write_a_step_with_precondition()
some other precondition
]]></system-out>
  </testcase>
  <testcase name="some other precondition" classname="Title of your scenario #3" time="0.008">
    <system-out><![CDATA[  Given I want to write a step with precondition               # stepDefinitions.StepDefinition.I_want_to_write_a_step_with_precondition()
some other precondition
]]></system-out>
  </testcase>
  <testcase name="I complete action of sign up with following details" classname="Title of your scenario #3" time="0.03">
    <system-out><![CDATA[  And some other precondition                              # stepDefinitions.StepDefinition.some_other_precondition()
username = suhail
password = 1234
email = abc@abc.com
country = india
phone No = 819728
]]></system-out>
  </testcase>
  <testcase name="some other action" classname="Title of your scenario #3" time="0.001">
    <system-out><![CDATA[  When I complete action of sign up with following details # stepDefinitions.StepDefinition.i_complete_action_of_sign_up_with_following_details(io.cucumber.datatable.DataTable)
    | suhail | 1234 | abc@abc.com | india | 819728 |
some other action
]]></system-out>
  </testcase>
  <testcase name="some other action" classname="Title of your scenario #3" time="0.006">
    <system-out><![CDATA[  When I complete action with username minni and password 4321 # stepDefinitions.StepDefinition.i_complete_action_with_username_and_password(java.lang.String,java.lang.String)
some other action
]]></system-out>
  </testcase>
  <testcase name="some other action" classname="Title of your scenario #3" time="0">
    <system-out><![CDATA[  When I complete action with username minni and password 4321 # stepDefinitions.StepDefinition.i_complete_action_with_username_and_password(java.lang.String,java.lang.String)
some other action
]]></system-out>
  </testcase>
  <testcase name="yet another action" classname="Title of your scenario #3" time="0.011">
    <system-out><![CDATA[  And some other action                                    # stepDefinitions.StepDefinition.some_other_action()
yet another action
]]></system-out>
  </testcase>
  <testcase name="yet another action" classname="Title of your scenario #3" time="0.008">
    <system-out><![CDATA[  And some other action                                        # stepDefinitions.StepDefinition.some_other_action()
yet another action
]]></system-out>
  </testcase>
  <testcase name="yet another action" classname="Title of your scenario #3" time="0.002">
    <system-out><![CDATA[  And some other action                                        # stepDefinitions.StepDefinition.some_other_action()
yet another action
]]></system-out>
  </testcase>
  <testcase name="I validate the outcomes" classname="Title of your scenario #3" time="0.002">
    <system-out><![CDATA[  And yet another action                                   # stepDefinitions.StepDefinition.yet_another_action()
I validate the outcomes
]]></system-out>
  </testcase>
  <testcase name="I validate the outcomes" classname="Title of your scenario #3" time="0.001">
    <system-out><![CDATA[  And yet another action                                       # stepDefinitions.StepDefinition.yet_another_action()
I validate the outcomes
]]></system-out>
  </testcase>
  <testcase name="I validate the outcomes" classname="Title of your scenario #3" time="0.001">
    <system-out><![CDATA[  And yet another action                                       # stepDefinitions.StepDefinition.yet_another_action()
I validate the outcomes
]]></system-out>
  </testcase>
  <testcase name="validation is &quot;successfull&quot;" classname="Title of your scenario #3" time="0.002">
    <system-out><![CDATA[  Then I validate the outcomes                             # stepDefinitions.StepDefinition.I_validate_the_outcomes()
validation is successfull
]]></system-out>
  </testcase>
  <testcase name="validation is &quot;successfull&quot;" classname="Title of your scenario #3" time="0.001">
    <system-out><![CDATA[  Then I validate the outcomes                                 # stepDefinitions.StepDefinition.I_validate_the_outcomes()
validation is successfull
]]></system-out>
  </testcase>
  <testcase name="validation is &quot;successfull&quot;" classname="Title of your scenario #3" time="0.001">
    <system-out><![CDATA[  Then I validate the outcomes                                 # stepDefinitions.StepDefinition.I_validate_the_outcomes()
validation is successfull
]]></system-out>
  </testcase>
  <testcase name="" classname="Title of your scenario #3" time="0.009">
    <system-out><![CDATA[  And validation is "successfull"                          # stepDefinitions.StepDefinition.validation_is_something(java.lang.String)
After validation
]]></system-out>
  </testcase>
  <testcase name="" classname="Title of your scenario #3" time="0.009">
    <system-out><![CDATA[  And validation is "successfull"                              # stepDefinitions.StepDefinition.validation_is_something(java.lang.String)
]]></system-out>
  </testcase>
  <testcase name="" classname="Title of your scenario #3" time="0.009">
    <system-out><![CDATA[  And validation is "successfull"                              # stepDefinitions.StepDefinition.validation_is_something(java.lang.String)
]]></system-out>
  </testcase>
  <testcase name="I complete action with username minni and password 4321" classname="Title of your scenario #3" time="0.018">
    <system-out><![CDATA[  And some other precondition                                  # stepDefinitions.StepDefinition.some_other_precondition()
minni
4321
]]></system-out>
  </testcase>
  <testcase name="I complete action with username minni and password 4321" classname="Title of your scenario #3" time="0.006">
    <system-out><![CDATA[  And some other precondition                                  # stepDefinitions.StepDefinition.some_other_precondition()
minni
4321
]]></system-out>
  </testcase>
  <testcase name="validate the browser" classname="Title of your scenario #3" time="0.018">
    <system-out><![CDATA[
@Portal
Scenario Outline: Title of your scenario                       # src/test/java/features/portal.feature:22
validate the browser
]]></system-out>
  </testcase>
  <testcase name="browser is triggered" classname="Title of your scenario #3" time="0.017">
    <system-out><![CDATA[  Given validate the browser                                   # stepDefinitions.StepDefinition.validate_the_browser()
browser is triggered
]]></system-out>
  </testcase>
  <testcase name="check if browser is started" classname="Title of your scenario #3" time="0.011">
    <system-out><![CDATA[  When browser is triggered                                    # stepDefinitions.StepDefinition.browser_is_triggered()
check if browser is started
]]></system-out>
  </testcase>
  <testcase name="User is on GreenKart landing page" classname="Search for items and go to checkoutpage #1" time="5.239">
    <system-out><![CDATA[
@SmokeTest
Scenario Outline: Search for items and go to checkoutpage                   # src/test/java/features/search.feature:20
]]></system-out>
    <system-err><![CDATA[SLF4J: Failed to load class "org.slf4j.impl.StaticLoggerBinder".
SLF4J: Defaulting to no-operation (NOP) logger implementation
SLF4J: See http://www.slf4j.org/codes.html#StaticLoggerBinder for further details.
Starting ChromeDriver 94.0.4606.61 (418b78f5838ed0b1c69bb4e51ea0252171854915-refs/branch-heads/4606@{#1204}) on port 49999
Only local connections are allowed.
Please see https://chromedriver.chromium.org/security-considerations for suggestions on keeping ChromeDriver safe.
ChromeDriver was started successfully.
[1636897033.603][WARNING]: This version of ChromeDriver has not been tested with Chrome version 95.
Nov 14, 2021 7:07:14 PM org.openqa.selenium.remote.ProtocolHandshake createSession
INFO: Detected dialect: W3C
Nov 14, 2021 7:07:14 PM org.openqa.selenium.devtools.CdpVersionFinder findNearestMatch
INFO: Found exact CDP implementation for version 95
]]></system-err>
  </testcase>
  <testcase name="User searches for vegetables Beetroot" classname="Search for items and go to checkoutpage #1" time="2.204">
    <system-out><![CDATA[  Given User is on GreenKart landing page                                   # stepDefinitions.searchStepDefinition.user_is_on_greenkart_landing_page()
]]></system-out>
  </testcase>
  <testcase name="Added &quot;3&quot; items to cart" classname="Search for items and go to checkoutpage #1" time="0.284">
    <system-out><![CDATA[  When User searches for vegetables Beetroot                                # stepDefinitions.searchStepDefinition.user_searches_for_vegetables(java.lang.String)
]]></system-out>
  </testcase>
  <testcase name="User clicks on proceed to checkout page for purchase" classname="Search for items and go to checkoutpage #1" time="0.159">
    <system-out><![CDATA[  And Added "3" items to cart                                               # stepDefinitions.searchStepDefinition.added_something_items_to_cart(java.lang.String)
]]></system-out>
  </testcase>
  <testcase name="Verify selected products Beetroot item is displayed in checkout page" classname="Search for items and go to checkoutpage #1" time="0.037">
    <system-out><![CDATA[  And User clicks on proceed to checkout page for purchase                  # stepDefinitions.searchStepDefinition.user_clicks_on_proceed_to_checkout_page_for_purchase()
]]></system-out>
  </testcase>
  <testcase name="" classname="Search for items and go to checkoutpage #1" time="0.792">
    <system-out><![CDATA[  Then Verify selected products Beetroot item is displayed in checkout page # stepDefinitions.searchStepDefinition.verify_selected_products_item_is_displayed_in_checkout_page(java.lang.String)
]]></system-out>
  </testcase>
  <testcase name="User is on GreenKart landing page" classname="Search for items and go to checkoutpage #2" time="2.769">
    <system-out><![CDATA[
@SmokeTest
Scenario Outline: Search for items and go to checkoutpage                 # src/test/java/features/search.feature:21
]]></system-out>
    <system-err><![CDATA[Starting ChromeDriver 94.0.4606.61 (418b78f5838ed0b1c69bb4e51ea0252171854915-refs/branch-heads/4606@{#1204}) on port 58540
Only local connections are allowed.
Please see https://chromedriver.chromium.org/security-considerations for suggestions on keeping ChromeDriver safe.
ChromeDriver was started successfully.
[1636897040.655][WARNING]: This version of ChromeDriver has not been tested with Chrome version 95.
Nov 14, 2021 7:07:20 PM org.openqa.selenium.remote.ProtocolHandshake createSession
INFO: Detected dialect: W3C
Nov 14, 2021 7:07:20 PM org.openqa.selenium.devtools.CdpVersionFinder findNearestMatch
INFO: Found exact CDP implementation for version 95
]]></system-err>
  </testcase>
  <testcase name="User searches for vegetables Carrot" classname="Search for items and go to checkoutpage #2" time="2.153">
    <system-out><![CDATA[  Given User is on GreenKart landing page                                 # stepDefinitions.searchStepDefinition.user_is_on_greenkart_landing_page()
]]></system-out>
  </testcase>
  <testcase name="Added &quot;3&quot; items to cart" classname="Search for items and go to checkoutpage #2" time="0.268">
    <system-out><![CDATA[  When User searches for vegetables Carrot                                # stepDefinitions.searchStepDefinition.user_searches_for_vegetables(java.lang.String)
]]></system-out>
  </testcase>
  <testcase name="User clicks on proceed to checkout page for purchase" classname="Search for items and go to checkoutpage #2" time="0.209">
    <system-out><![CDATA[  And Added "3" items to cart                                             # stepDefinitions.searchStepDefinition.added_something_items_to_cart(java.lang.String)
]]></system-out>
  </testcase>
  <testcase name="Verify selected products Carrot item is displayed in checkout page" classname="Search for items and go to checkoutpage #2" time="0.041">
    <system-out><![CDATA[  And User clicks on proceed to checkout page for purchase                # stepDefinitions.searchStepDefinition.user_clicks_on_proceed_to_checkout_page_for_purchase()
]]></system-out>
  </testcase>
  <testcase name="" classname="Search for items and go to checkoutpage #2" time="0.806">
    <system-out><![CDATA[  Then Verify selected products Carrot item is displayed in checkout page # stepDefinitions.searchStepDefinition.verify_selected_products_item_is_displayed_in_checkout_page(java.lang.String)
]]></system-out>
  </testcase>
</testsuite>