<?xml version="1.0" encoding="UTF-8"?>
<testsuite xmlns:xsi="http://www.w3.org/2001/XMLSchema-instance" xsi:noNamespaceSchemaLocation="https://maven.apache.org/surefire/maven-surefire-plugin/xsd/surefire-test-report-3.0.xsd" version="3.0" name="cucumberoptions.TestRunnerSmoke" time="26.931" tests="16" errors="0" skipped="0" failures="0">
  <properties>
[...]
</properties>
  <testcase name="User is on Practice Landing Page" classname="Handling Dynamic dropdowns #1" time="5.12">
    <system-out><![CDATA[
@Smoke
Scenario Outline: Handling Dynamic dropdowns              # src/test/java/features/Practice.feature:38
Before validation
]]></system-out>
    <system-err><![CDATA[SLF4J: Failed to load class "org.slf4j.impl.StaticLoggerBinder".
SLF4J: Defaulting to no-operation (NOP) logger implementation
SLF4J: See http://www.slf4j.org/codes.html#StaticLoggerBinder for further details.
Starting ChromeDriver 97.0.4692.71 (adefa7837d02a07a604c1e6eff0b3a09422ab88d-refs/branch-heads/4692@{#1247}) on port 57556
Only local connections are allowed.
Please see https://chromedriver.chromium.org/security-considerations for suggestions on keeping ChromeDriver safe.
ChromeDriver was started successfully.
Jan 09, 2022 9:13:11 PM org.openqa.selenium.remote.ProtocolHandshake createSession
INFO: Detected dialect: W3C
Jan 09, 2022 9:13:11 PM org.openqa.selenium.devtools.CdpVersionFinder findNearestMatch
WARNING: Unable to find an exact match for CDP version 97, so returning the closest version found: 95
Jan 09, 2022 9:13:11 PM org.openqa.selenium.devtools.CdpVersionFinder findNearestMatch
INFO: Found CDP implementation for version 97 of 95
]]></system-err>
  </testcase>
  <testcase name="User enters India in the select countries text box" classname="Handling Dynamic dropdowns #1" time="0.109">
    <system-out><![CDATA[  Given User is on Practice Landing Page                  # stepDefinitions.Practice.user_is_on_practice_landing_page()
]]></system-out>
  </testcase>
  <testcase name="User should be able to select India" classname="Handling Dynamic dropdowns #1" time="1.433">
    <system-out><![CDATA[  When User enters India in the select countries text box # stepDefinitions.Practice.user_enters_in_the_select_countries_text_box(java.lang.String)
]]></system-out>
  </testcase>
  <testcase name="" classname="Handling Dynamic dropdowns #1" time="2.186">
    <system-out><![CDATA[  Then User should be able to select India                # stepDefinitions.Practice.user_should_be_able_to_select(java.lang.String)
After validation
]]></system-out>
  </testcase>
  <testcase name="User is on Practice Landing Page" classname="Handling Dynamic dropdowns #2" time="3.696">
    <system-out><![CDATA[
@Smoke
Scenario Outline: Handling Dynamic dropdowns                 # src/test/java/features/Practice.feature:39
Before validation
]]></system-out>
    <system-err><![CDATA[Starting ChromeDriver 97.0.4692.71 (adefa7837d02a07a604c1e6eff0b3a09422ab88d-refs/branch-heads/4692@{#1247}) on port 57416
Only local connections are allowed.
Please see https://chromedriver.chromium.org/security-considerations for suggestions on keeping ChromeDriver safe.
ChromeDriver was started successfully.
Jan 09, 2022 9:13:17 PM org.openqa.selenium.remote.ProtocolHandshake createSession
INFO: Detected dialect: W3C
Jan 09, 2022 9:13:17 PM org.openqa.selenium.devtools.CdpVersionFinder findNearestMatch
WARNING: Unable to find an exact match for CDP version 97, so returning the closest version found: 95
Jan 09, 2022 9:13:17 PM org.openqa.selenium.devtools.CdpVersionFinder findNearestMatch
INFO: Found CDP implementation for version 97 of 95
]]></system-err>
  </testcase>
  <testcase name="User enters Pakistan in the select countries text box" classname="Handling Dynamic dropdowns #2" time="0.076">
    <system-out><![CDATA[  Given User is on Practice Landing Page                     # stepDefinitions.Practice.user_is_on_practice_landing_page()
]]></system-out>
  </testcase>
  <testcase name="User should be able to select Pakistan" classname="Handling Dynamic dropdowns #2" time="1.4">
    <system-out><![CDATA[  When User enters Pakistan in the select countries text box # stepDefinitions.Practice.user_enters_in_the_select_countries_text_box(java.lang.String)
]]></system-out>
  </testcase>
  <testcase name="" classname="Handling Dynamic dropdowns #2" time="2.135">
    <system-out><![CDATA[  Then User should be able to select Pakistan                # stepDefinitions.Practice.user_should_be_able_to_select(java.lang.String)
After validation
]]></system-out>
  </testcase>
  <testcase name="User is on Practice Landing Page" classname="Handling Dynamic dropdowns #3" time="4.163">
    <system-out><![CDATA[
@Smoke
Scenario Outline: Handling Dynamic dropdowns                     # src/test/java/features/Practice.feature:40
Before validation
]]></system-out>
    <system-err><![CDATA[Starting ChromeDriver 97.0.4692.71 (adefa7837d02a07a604c1e6eff0b3a09422ab88d-refs/branch-heads/4692@{#1247}) on port 65479
Only local connections are allowed.
Please see https://chromedriver.chromium.org/security-considerations for suggestions on keeping ChromeDriver safe.
ChromeDriver was started successfully.
Jan 09, 2022 9:13:23 PM org.openqa.selenium.remote.ProtocolHandshake createSession
INFO: Detected dialect: W3C
Jan 09, 2022 9:13:23 PM org.openqa.selenium.devtools.CdpVersionFinder findNearestMatch
WARNING: Unable to find an exact match for CDP version 97, so returning the closest version found: 95
Jan 09, 2022 9:13:23 PM org.openqa.selenium.devtools.CdpVersionFinder findNearestMatch
INFO: Found CDP implementation for version 97 of 95
]]></system-err>
  </testcase>
  <testcase name="User enters Saudi Arabia in the select countries text box" classname="Handling Dynamic dropdowns #3" time="0.08">
    <system-out><![CDATA[  Given User is on Practice Landing Page                         # stepDefinitions.Practice.user_is_on_practice_landing_page()
]]></system-out>
  </testcase>
  <testcase name="User should be able to select Saudi Arabia" classname="Handling Dynamic dropdowns #3" time="1.388">
    <system-out><![CDATA[  When User enters Saudi Arabia in the select countries text box # stepDefinitions.Practice.user_enters_in_the_select_countries_text_box(java.lang.String)
]]></system-out>
  </testcase>
  <testcase name="" classname="Handling Dynamic dropdowns #3" time="2.1">
    <system-out><![CDATA[  Then User should be able to select Saudi Arabia                # stepDefinitions.Practice.user_should_be_able_to_select(java.lang.String)
After validation
]]></system-out>
  </testcase>
  <testcase name="User is on Practice Landing Page" classname="Handling Dynamic dropdowns #4" time="3.874">
    <system-out><![CDATA[
@Smoke
Scenario Outline: Handling Dynamic dropdowns             # src/test/java/features/Practice.feature:41
Before validation
]]></system-out>
    <system-err><![CDATA[Starting ChromeDriver 97.0.4692.71 (adefa7837d02a07a604c1e6eff0b3a09422ab88d-refs/branch-heads/4692@{#1247}) on port 64605
Only local connections are allowed.
Please see https://chromedriver.chromium.org/security-considerations for suggestions on keeping ChromeDriver safe.
ChromeDriver was started successfully.
Jan 09, 2022 9:13:29 PM org.openqa.selenium.remote.ProtocolHandshake createSession
INFO: Detected dialect: W3C
Jan 09, 2022 9:13:29 PM org.openqa.selenium.devtools.CdpVersionFinder findNearestMatch
WARNING: Unable to find an exact match for CDP version 97, so returning the closest version found: 95
Jan 09, 2022 9:13:29 PM org.openqa.selenium.devtools.CdpVersionFinder findNearestMatch
INFO: Found CDP implementation for version 97 of 95
]]></system-err>
  </testcase>
  <testcase name="User enters Oman in the select countries text box" classname="Handling Dynamic dropdowns #4" time="0.07">
    <system-out><![CDATA[  Given User is on Practice Landing Page                 # stepDefinitions.Practice.user_is_on_practice_landing_page()
]]></system-out>
  </testcase>
  <testcase name="User should be able to select Oman" classname="Handling Dynamic dropdowns #4" time="1.445">
    <system-out><![CDATA[  When User enters Oman in the select countries text box # stepDefinitions.Practice.user_enters_in_the_select_countries_text_box(java.lang.String)
]]></system-out>
  </testcase>
  <testcase name="" classname="Handling Dynamic dropdowns #4" time="2.201">
    <system-out><![CDATA[  Then User should be able to select Oman                # stepDefinitions.Practice.user_should_be_able_to_select(java.lang.String)
After validation
]]></system-out>
  </testcase>
</testsuite>